#
# A fatal error has been detected by the Java Runtime Environment:
#
#  EXCEPTION_ACCESS_VIOLATION (0xc0000005) at pc=0x0000023be4611000, pid=13048, tid=21704
#
# JRE version: OpenJDK Runtime Environment Temurin-17.0.8.1+1 (17.0.8.1+1) (build 17.0.8.1+1)
# Java VM: OpenJDK 64-Bit Server VM Temurin-17.0.8.1+1 (17.0.8.1+1, mixed mode, tiered, compressed oops, compressed class ptrs, parallel gc, windows-amd64)
# Problematic frame:
# J 7996 c1 org.eclipse.lsp4j.Range.<init>(Lorg/eclipse/lsp4j/Position;Lorg/eclipse/lsp4j/Position;)V (31 bytes) @ 0x0000023be4611000 [0x0000023be4610e20+0x00000000000001e0]
#
# No core dump will be written. Minidumps are not enabled by default on client versions of Windows
#
# If you would like to submit a bug report, please visit:
#   https://github.com/adoptium/adoptium-support/issues
#

---------------  S U M M A R Y ------------

Command Line: --add-modules=ALL-SYSTEM --add-opens=java.base/java.util=ALL-UNNAMED --add-opens=java.base/java.lang=ALL-UNNAMED --add-opens=java.base/sun.nio.fs=ALL-UNNAMED -Declipse.application=org.eclipse.jdt.ls.core.id1 -Dosgi.bundles.defaultStartLevel=4 -Declipse.product=org.eclipse.jdt.ls.core.product -Djava.import.generatesMetadataFilesAtProjectRoot=false -DDetectVMInstallationsJob.disabled=true -Dfile.encoding=utf8 -XX:+UseParallelGC -XX:GCTimeRatio=4 -XX:AdaptiveSizePolicyWeight=90 -Dsun.zip.disableMemoryMapping=true -Xmx1G -Xms100m -Xlog:disable -javaagent:c:\Users\gtreviza\.vscode\extensions\redhat.java-1.24.0-win32-x64\lombok\lombok-1.18.30.jar -XX:+HeapDumpOnOutOfMemoryError -XX:HeapDumpPath=c:\Users\gtreviza\AppData\Roaming\Code\User\workspaceStorage\b82001d5b9276a1cd696c03e57810870\redhat.java -Daether.dependencyCollector.impl=bf c:\Users\gtreviza\.vscode\extensions\redhat.java-1.24.0-win32-x64\server\plugins\org.eclipse.equinox.launcher_1.6.500.v20230717-2134.jar -configuration c:\Users\gtreviza\AppData\Roaming\Code\User\globalStorage\redhat.java\1.24.0\config_win -data c:\Users\gtreviza\AppData\Roaming\Code\User\workspaceStorage\b82001d5b9276a1cd696c03e57810870\redhat.java\jdt_ws --stdio

Host: AMD Ryzen 5 PRO 4650U with Radeon Graphics, 12 cores, 15G,  Windows 11 , 64 bit Build 22621 (10.0.22621.2428)
Time: Wed Nov  8 13:18:08 2023 E. South America Standard Time elapsed time: 9971.695200 seconds (0d 2h 46m 11s)

---------------  T H R E A D  ---------------

Current thread (0x0000023bfd2cf2c0):  JavaThread "pool-1-thread-1" [_thread_in_Java, id=21704, stack(0x000000b88de00000,0x000000b88df00000)]

Stack: [0x000000b88de00000,0x000000b88df00000],  sp=0x000000b88defdca0,  free space=1015k
Native frames: (J=compiled Java code, j=interpreted, Vv=VM code, C=native code)
C  0x0000023be4611000


siginfo: EXCEPTION_ACCESS_VIOLATION (0xc0000005), writing address 0x0000000000003eb4


Register to memory mapping:

RIP=0x0000023be4611000 is at entry_point+480 in (nmethod*)0x0000023be4610c10
RAX=0x0000000000003eb4 is an unknown value
RBX={method} {0x0000023bf72df2e0} '<init>' '(Lorg/eclipse/lsp4j/Position;Lorg/eclipse/lsp4j/Position;)V' in 'org/eclipse/lsp4j/Range'
RCX=0x0000000000003eb3 is an unknown value
RDX=0x00000000eae4ff10 is an oop: org.eclipse.lsp4j.Range 
{0x00000000eae4ff10} - klass: 'org/eclipse/lsp4j/Range'
 - ---- fields (total size 3 words):
 - private 'start' 'Lorg/eclipse/lsp4j/Position;' @12  a 'org/eclipse/lsp4j/Position'{0x00000000eae4ff28} (eae4ff28)
 - private 'end' 'Lorg/eclipse/lsp4j/Position;' @16  NULL (0)
RSP=0x000000b88defdca0 is pointing into the stack for thread: 0x0000023bfd2cf2c0
RBP=0x000000b88defdd90 is pointing into the stack for thread: 0x0000023bfd2cf2c0
RSI=0x0000023bf85978a8 is pointing into metadata
RDI=0x0000000000000120 is an unknown value
R8 =0x00000000eae4ff28 is an oop: org.eclipse.lsp4j.Position 
{0x00000000eae4ff28} - klass: 'org/eclipse/lsp4j/Position'
 - ---- fields (total size 3 words):
 - private 'line' 'I' @12  0
 - private 'character' 'I' @16  0
R9 =0x00000000eae4ff40 is an oop: org.eclipse.lsp4j.Position 
{0x00000000eae4ff40} - klass: 'org/eclipse/lsp4j/Position'
 - ---- fields (total size 3 words):
 - private 'line' 'I' @12  0
 - private 'character' 'I' @16  0
R10=0x00000000eae4ff28 is an oop: org.eclipse.lsp4j.Position 
{0x00000000eae4ff28} - klass: 'org/eclipse/lsp4j/Position'
 - ---- fields (total size 3 words):
 - private 'line' 'I' @12  0
 - private 'character' 'I' @16  0
R11=0x0000023be4610e40 is at entry_point+32 in (nmethod*)0x0000023be4610c10
R12=0x0 is NULL
R13=0x000000b88defdd28 is pointing into the stack for thread: 0x0000023bfd2cf2c0
R14=0x000000b88defde10 is pointing into the stack for thread: 0x0000023bfd2cf2c0
R15=0x0000023bfd2cf2c0 is a thread


Registers:
RAX=0x0000000000003eb4, RBX=0x0000023bf72df2d8, RCX=0x0000000000003eb3, RDX=0x00000000eae4ff10
RSP=0x000000b88defdca0, RBP=0x000000b88defdd90, RSI=0x0000023bf85978a8, RDI=0x0000000000000120
R8 =0x00000000eae4ff28, R9 =0x00000000eae4ff40, R10=0x00000000eae4ff28, R11=0x0000023be4610e40
R12=0x0000000000000000, R13=0x000000b88defdd28, R14=0x000000b88defde10, R15=0x0000023bfd2cf2c0
RIP=0x0000023be4611000, EFLAGS=0x0000000000010202

Top of Stack: (sp=0x000000b88defdca0)
0x000000b88defdca0:   000000b88defdd08 0000023beac494ec
0x000000b88defdcb0:   00000000eae4ff40 000000b88defdcb8
0x000000b88defdcc0:   0000023bf7e1fd81 000000b88defdd20
0x000000b88defdcd0:   0000023bf84a43a8 0000000000000000
0x000000b88defdce0:   00000000c21127e8 00000000eae4ff10
0x000000b88defdcf0:   0000000000000000 000000b88defdd10
0x000000b88defdd00:   000000b88defdd90 0000023beac494ec
0x000000b88defdd10:   000000b88defdd90 0000023beac494ec
0x000000b88defdd20:   0000023beac494ec 00000000eae4ff40
0x000000b88defdd30:   00000000eae4ff28 00000000eae4ff10
0x000000b88defdd40:   00000000eae4ff10 000000b88defdd48
0x000000b88defdd50:   0000023bf7ddbc56 000000b88defde10
0x000000b88defdd60:   0000023bf7e08368 0000000000000000
0x000000b88defdd70:   00000000c1de9248 0000023bf7ddbf18
0x000000b88defdd80:   000000b88defdd28 000000b88defde00
0x000000b88defdd90:   000000b88defde60 0000023beac494ec 

Instructions: (pc=0x0000023be4611000)
0x0000023be4610f00:   00 48 bf a8 78 59 f8 3b 02 00 00 48 b8 10 01 00
0x0000023be4610f10:   00 00 00 00 00 0f 84 0a 00 00 00 48 b8 20 01 00
0x0000023be4610f20:   00 00 00 00 00 48 8b 0c 07 48 8d 49 01 48 89 0c
0x0000023be4610f30:   07 0f 84 3a 00 00 00 49 83 f8 00 48 bf a8 78 59
0x0000023be4610f40:   f8 3b 02 00 00 48 b8 40 01 00 00 00 00 00 00 0f
0x0000023be4610f50:   84 0a 00 00 00 48 b8 30 01 00 00 00 00 00 00 48
0x0000023be4610f60:   8b 0c 07 48 8d 49 01 48 89 0c 07 0f 84 c5 01 00
0x0000023be4610f70:   00 4d 8b d0 44 89 52 0c 48 8b fa 48 c1 ef 09 48
0x0000023be4610f80:   b8 00 00 e3 df 3b 02 00 00 c6 04 07 00 48 bf 10
0x0000023be4610f90:   35 cb f8 3b 02 00 00 48 83 87 68 01 00 00 01 48
0x0000023be4610fa0:   bf a8 78 59 f8 3b 02 00 00 8b 87 cc 00 00 00 83
0x0000023be4610fb0:   c0 02 89 87 cc 00 00 00 81 e0 fe ff 1f 00 83 f8
0x0000023be4610fc0:   00 0f 84 aa 02 00 00 83 fe 00 48 be a8 78 59 f8
0x0000023be4610fd0:   3b 02 00 00 48 bf 10 01 00 00 00 00 00 00 0f 84
0x0000023be4610fe0:   0a 00 00 00 48 bf 20 01 00 00 00 00 00 00 48 8b
0x0000023be4610ff0:   04 3e 48 8d 40 01 48 89 04 3e 0f 84 3a 00 00 00
0x0000023be4611000:   00 00 00 00 48 be a8 78 59 f8 3b 02 00 00 48 bf
0x0000023be4611010:   40 01 00 00 00 00 00 00 0f 84 0a 00 00 00 48 bf
0x0000023be4611020:   30 01 00 00 00 00 00 00 48 8b 04 3e 48 8d 40 01
0x0000023be4611030:   48 89 04 3e 0f 84 2c 00 00 00 4d 8b d1 44 89 52
0x0000023be4611040:   10 48 c1 ea 09 48 be 00 00 e3 df 3b 02 00 00 c6
0x0000023be4611050:   04 32 00 48 83 c4 70 5d 49 3b a7 48 03 00 00 0f
0x0000023be4611060:   87 2d 02 00 00 c3 66 90 e9 4a 02 00 00 00 00 00
0x0000023be4611070:   00 00 49 8b 87 08 01 00 00 48 8d 78 30 49 3b bf
0x0000023be4611080:   18 01 00 00 0f 87 37 02 00 00 49 89 bf 08 01 00
0x0000023be4611090:   00 48 c7 00 01 00 00 00 48 8b ca 48 c1 e9 03 89
0x0000023be46110a0:   48 08 48 33 c9 89 48 0c 48 33 c9 48 89 48 10 48
0x0000023be46110b0:   89 48 18 48 89 48 20 48 89 48 28 0f 1f 44 00 00
0x0000023be46110c0:   e9 18 02 00 00 90 90 90 90 90 48 ba 40 36 19 c1
0x0000023be46110d0:   00 00 00 00 48 89 44 24 40 66 0f 1f 44 00 00 e8
0x0000023be46110e0:   9c 05 68 06 49 b8 a8 78 59 f8 3b 02 00 00 4d 8d
0x0000023be46110f0:   80 70 01 00 00 48 8b d0 48 85 d2 75 04 49 83 08 


Stack slot to memory mapping:
stack at sp + 0 slots: 0x000000b88defdd08 is pointing into the stack for thread: 0x0000023bfd2cf2c0
stack at sp + 1 slots: 0x0000023beac494ec is at code_begin+1100 in an Interpreter codelet
return entry points  [0x0000023beac490a0, 0x0000023beac49b80]  2784 bytes
stack at sp + 2 slots: 0x00000000eae4ff40 is an oop: org.eclipse.lsp4j.Position 
{0x00000000eae4ff40} - klass: 'org/eclipse/lsp4j/Position'
 - ---- fields (total size 3 words):
 - private 'line' 'I' @12  0
 - private 'character' 'I' @16  0
stack at sp + 3 slots: 0x000000b88defdcb8 is pointing into the stack for thread: 0x0000023bfd2cf2c0
stack at sp + 4 slots: 0x0000023bf7e1fd81 is pointing into metadata
stack at sp + 5 slots: 0x000000b88defdd20 is pointing into the stack for thread: 0x0000023bfd2cf2c0
stack at sp + 6 slots: 0x0000023bf84a43a8 is pointing into metadata
stack at sp + 7 slots: 0x0 is NULL

--------------------------------------------------------------------------------
[Constant Pool (empty)]

--------------------------------------------------------------------------------

[MachCode]
  0x0000023be4610e20: 448b 5208 | 49c1 e203 | 4c3b d00f | 854f ff67 | 060f 1f84 | 0000 0000 | 000f 1f80 | 0000 0000 
  0x0000023be4610e40: 8984 2400 | 90ff ff55 | 4883 ec70 | 4889 5424 | 4848 be10 | 35cb f83b | 0200 008b | becc 0000 
  0x0000023be4610e60: 0083 c702 | 89be cc00 | 0000 81e7 | fe07 0000 | 83ff 000f | 8495 0300 | 0048 8bf2 | 48bf 1035 
  0x0000023be4610e80: cbf8 3b02 | 0000 4883 | 8710 0100 | 0001 48be | d8c0 1ef5 | 3b02 0000 | 8bbe cc00 | 0000 83c7 
  0x0000023be4610ea0: 0289 becc | 0000 0081 | e7fe ff1f | 0083 ff00 | 0f84 7903 | 0000 48be | 1035 cbf8 | 3b02 0000 
  0x0000023be4610ec0: 4883 8620 | 0100 0001 | 48be a878 | 59f8 3b02 | 0000 8bbe | cc00 0000 | 83c7 0289 | becc 0000 
  0x0000023be4610ee0: 0081 e7fe | ff1f 0083 | ff00 0f84 | 6003 0000 | 48be a007 | e1c0 0000 | 0000 0fbe | 7670 83fe 
  0x0000023be4610f00: 0048 bfa8 | 7859 f83b | 0200 0048 | b810 0100 | 0000 0000 | 000f 840a | 0000 0048 | b820 0100 
  0x0000023be4610f20: 0000 0000 | 0048 8b0c | 0748 8d49 | 0148 890c | 070f 843a | 0000 0049 | 83f8 0048 | bfa8 7859 
  0x0000023be4610f40: f83b 0200 | 0048 b840 | 0100 0000 | 0000 000f | 840a 0000 | 0048 b830 | 0100 0000 | 0000 0048 
  0x0000023be4610f60: 8b0c 0748 | 8d49 0148 | 890c 070f | 84c5 0100 | 004d 8bd0 | 4489 520c | 488b fa48 | c1ef 0948 
  0x0000023be4610f80: b800 00e3 | df3b 0200 | 00c6 0407 | 0048 bf10 | 35cb f83b | 0200 0048 | 8387 6801 | 0000 0148 
  0x0000023be4610fa0: bfa8 7859 | f83b 0200 | 008b 87cc | 0000 0083 | c002 8987 | cc00 0000 | 81e0 feff | 1f00 83f8 
  0x0000023be4610fc0: 000f 84aa | 0200 0083 | fe00 48be | a878 59f8 | 3b02 0000 | 48bf 1001 | 0000 0000 | 0000 0f84 
  0x0000023be4610fe0: 0a00 0000 | 48bf 2001 | 0000 0000 | 0000 488b | 043e 488d | 4001 4889 | 043e 0f84 | 3a00 0000 
  0x0000023be4611000: 0000 0000 | 48be a878 | 59f8 3b02 | 0000 48bf | 4001 0000 | 0000 0000 | 0f84 0a00 | 0000 48bf 
  0x0000023be4611020: 3001 0000 | 0000 0000 | 488b 043e | 488d 4001 | 4889 043e | 0f84 2c00 | 0000 4d8b | d144 8952 
  0x0000023be4611040: 1048 c1ea | 0948 be00 | 00e3 df3b | 0200 00c6 | 0432 0048 | 83c4 705d | 493b a748 | 0300 000f 
  0x0000023be4611060: 872d 0200 | 00c3 6690 | e94a 0200 | 0000 0000 | 0000 498b | 8708 0100 | 0048 8d78 | 3049 3bbf 
  0x0000023be4611080: 1801 0000 | 0f87 3702 | 0000 4989 | bf08 0100 | 0048 c700 | 0100 0000 | 488b ca48 | c1e9 0389 
  0x0000023be46110a0: 4808 4833 | c989 480c | 4833 c948 | 8948 1048 | 8948 1848 | 8948 2048 | 8948 280f | 1f44 0000 
  0x0000023be46110c0: e918 0200 | 0090 9090 | 9090 48ba | 4036 19c1 | 0000 0000 | 4889 4424 | 4066 0f1f | 4400 00e8 
  0x0000023be46110e0: 9c05 6806 | 49b8 a878 | 59f8 3b02 | 0000 4d8d | 8070 0100 | 0048 8bd0 | 4885 d275 | 0449 8308 
  0x0000023be4611100: 014c 8b44 | 2440 48ba | a878 59f8 | 3b02 0000 | 4883 8280 | 0100 0001 | 4c8b c048 | 8b54 2440 
  0x0000023be4611120: 0f1f 8000 | 0000 00e8 | 54ff 6706 | 488b 4424 | 40e9 0f02 | 0000 4c89 | 4c24 580f | 1f44 0000 
  0x0000023be4611140: e9b1 0100 | 0000 0000 | 0000 498b | 8708 0100 | 0048 8d78 | 3049 3bbf | 1801 0000 | 0f87 9e01 
  0x0000023be4611160: 0000 4989 | bf08 0100 | 0048 c700 | 0100 0000 | 488b ca48 | c1e9 0389 | 4808 4833 | c989 480c 
  0x0000023be4611180: 4833 c948 | 8948 1048 | 8948 1848 | 8948 2048 | 8948 280f | 1f44 0000 | e97f 0100 | 0090 9090 
  0x0000023be46111a0: 9090 48ba | e031 34c0 | 0000 0000 | 4889 4424 | 5066 0f1f | 4400 00e8 | c404 6806 | 49b8 a878 
  0x0000023be46111c0: 59f8 3b02 | 0000 4d8d | 8070 0100 | 0048 8bd0 | 4885 d275 | 0449 8308 | 014c 8b44 | 2450 48ba 
  0x0000023be46111e0: a878 59f8 | 3b02 0000 | 4883 8280 | 0100 0001 | 4c8b c048 | 8b54 2450 | 0f1f 8000 | 0000 00e8 
  0x0000023be4611200: 7cfe 6706 | 488b 4424 | 50e9 3701 | 0000 49ba | d8f2 2df7 | 3b02 0000 | 4c89 5424 | 0848 c704 
  0x0000023be4611220: 24ff ffff | ffe8 5667 | 7206 e94a | fcff ff49 | ba80 0400 | f53b 0200 | 004c 8954 | 2408 48c7 
  0x0000023be4611240: 0424 ffff | ffff e835 | 6772 06e9 | 66fc ffff | 49ba b0e5 | 68f7 3b02 | 0000 4c89 | 5424 0848 
  0x0000023be4611260: c704 24ff | ffff ffe8 | 1467 7206 | e97f fcff | ff49 bab0 | e568 f73b | 0200 004c | 8954 2408 
  0x0000023be4611280: 48c7 0424 | ffff ffff | e8f3 6672 | 06e9 35fd | ffff 49ba | 5810 61e4 | 3b02 0000 | 4d89 9760 
  0x0000023be46112a0: 0300 00e9 | 5864 6806 | 48ba 0000 | 0000 0000 | 0000 b800 | 0f05 0ae8 | 4456 7206 | e9a7 fdff 
  0x0000023be46112c0: ff48 8bd2 | e8b7 1e72 | 06e9 edfd | ffff 49b8 | 0000 0000 | 0000 0000 | b800 0f05 | 0ae8 1e5f 
  0x0000023be46112e0: 7206 e9d9 | fdff ff48 | ba00 0000 | 0000 0000 | 00b8 000f | 050a e805 | 5672 06e9 | 40fe ffff 
  0x0000023be4611300: 488b d2e8 | 781e 7206 | e986 feff | ff49 b800 | 0000 0000 | 0000 00b8 | 000f 050a | e8df 5e72 
  0x0000023be4611320: 06e9 72fe | ffff 9090 | 498b 87d8 | 0300 0049 | c787 d803 | 0000 0000 | 0000 49c7 | 87e0 0300 
  0x0000023be4611340: 0000 0000 | 0048 83c4 | 705d e9b1 | 3569 06f4 | f4f4 f4f4 | f4f4 f4f4 | f4f4 f4f4 | f4f4 f4f4 
  0x0000023be4611360: 0f1f 4400 | 0048 bb00 | 0000 0000 | 0000 00e9 | fbff ffff | 9048 bb00 | 0000 0000 | 0000 00e9 
  0x0000023be4611380: fbff ffff | 9048 bb00 | 0000 0000 | 0000 00e9 | fbff ffff | 9048 bb00 | 0000 0000 | 0000 00e9 
  0x0000023be46113a0: fbff ffff | e8d7 3272 | 0648 b918 | aafa 21fd | 7f00 0048 | 83e4 f049 | ba80 efc2 | 21fd 7f00 
  0x0000023be46113c0: 0041 ffd2 | f449 bac5 | 1361 e43b | 0200 0041 | 52e9 ca55 | 6806 f4f4 
[/MachCode]
--------------------------------------------------------------------------------


---------------  P R O C E S S  ---------------

Threads class SMR info:
_java_thread_list=0x0000023bfb46c0c0, length=29, elements={
0x0000023be0ab2b60, 0x0000023bf9a36010, 0x0000023bf9a39080, 0x0000023bf9a56ef0,
0x0000023bf9a57920, 0x0000023bf9a5e0f0, 0x0000023bf9a62c30, 0x0000023bf9a66c50,
0x0000023bf9a679e0, 0x0000023bf9a71630, 0x0000023be0b14fd0, 0x0000023bf9d01cd0,
0x0000023bfbb2c810, 0x0000023bfbad4380, 0x0000023bfbad3880, 0x0000023bfbdf42c0,
0x0000023bfc095810, 0x0000023bfc0948e0, 0x0000023bfc092a80, 0x0000023bfc093ec0,
0x0000023bfd2d0c10, 0x0000023bfd2cca40, 0x0000023bfd2cf2c0, 0x0000023bfc0943d0,
0x0000023bfb60b480, 0x0000023bfb60d7f0, 0x0000023bfb610fa0, 0x0000023bfb60ec30,
0x0000023bfb60e210
}

Java Threads: ( => current thread )
  0x0000023be0ab2b60 JavaThread "main" [_thread_blocked, id=6564, stack(0x000000b88b300000,0x000000b88b400000)]
  0x0000023bf9a36010 JavaThread "Reference Handler" daemon [_thread_blocked, id=23308, stack(0x000000b88b600000,0x000000b88b700000)]
  0x0000023bf9a39080 JavaThread "Finalizer" daemon [_thread_blocked, id=6424, stack(0x000000b88b700000,0x000000b88b800000)]
  0x0000023bf9a56ef0 JavaThread "Signal Dispatcher" daemon [_thread_blocked, id=23660, stack(0x000000b88b800000,0x000000b88b900000)]
  0x0000023bf9a57920 JavaThread "Attach Listener" daemon [_thread_blocked, id=15784, stack(0x000000b88b900000,0x000000b88ba00000)]
  0x0000023bf9a5e0f0 JavaThread "Service Thread" daemon [_thread_blocked, id=11724, stack(0x000000b88ba00000,0x000000b88bb00000)]
  0x0000023bf9a62c30 JavaThread "Monitor Deflation Thread" daemon [_thread_blocked, id=23564, stack(0x000000b88bb00000,0x000000b88bc00000)]
  0x0000023bf9a66c50 JavaThread "C2 CompilerThread0" daemon [_thread_blocked, id=11824, stack(0x000000b88bc00000,0x000000b88bd00000)]
  0x0000023bf9a679e0 JavaThread "C1 CompilerThread0" daemon [_thread_blocked, id=6416, stack(0x000000b88bd00000,0x000000b88be00000)]
  0x0000023bf9a71630 JavaThread "Sweeper thread" daemon [_thread_blocked, id=3576, stack(0x000000b88be00000,0x000000b88bf00000)]
  0x0000023be0b14fd0 JavaThread "Common-Cleaner" daemon [_thread_blocked, id=22644, stack(0x000000b88bf00000,0x000000b88c000000)]
  0x0000023bf9d01cd0 JavaThread "Notification Thread" daemon [_thread_blocked, id=3544, stack(0x000000b88c000000,0x000000b88c100000)]
  0x0000023bfbb2c810 JavaThread "Active Thread: Equinox Container: 1a19f9ca-2669-4a08-9d0c-7bed1ebaba22" [_thread_blocked, id=12144, stack(0x000000b88ca00000,0x000000b88cb00000)]
  0x0000023bfbad4380 JavaThread "Framework Event Dispatcher: Equinox Container: 1a19f9ca-2669-4a08-9d0c-7bed1ebaba22" daemon [_thread_blocked, id=23992, stack(0x000000b88cb00000,0x000000b88cc00000)]
  0x0000023bfbad3880 JavaThread "Start Level: Equinox Container: 1a19f9ca-2669-4a08-9d0c-7bed1ebaba22" daemon [_thread_blocked, id=23916, stack(0x000000b88cc00000,0x000000b88cd00000)]
  0x0000023bfbdf42c0 JavaThread "Bundle File Closer" daemon [_thread_blocked, id=22944, stack(0x000000b88ce00000,0x000000b88cf00000)]
  0x0000023bfc095810 JavaThread "SCR Component Actor" daemon [_thread_blocked, id=21196, stack(0x000000b88c300000,0x000000b88c400000)]
  0x0000023bfc0948e0 JavaThread "Worker-JM" [_thread_blocked, id=19400, stack(0x000000b88c200000,0x000000b88c300000)]
  0x0000023bfc092a80 JavaThread "Java indexing" daemon [_thread_blocked, id=5020, stack(0x000000b88d500000,0x000000b88d600000)]
  0x0000023bfc093ec0 JavaThread "JNA Cleaner" daemon [_thread_blocked, id=3204, stack(0x000000b88d900000,0x000000b88da00000)]
  0x0000023bfd2d0c10 JavaThread "pool-2-thread-1" [_thread_blocked, id=22300, stack(0x000000b88dc00000,0x000000b88dd00000)]
  0x0000023bfd2cca40 JavaThread "WorkspaceEventsHandler" [_thread_blocked, id=18164, stack(0x000000b88dd00000,0x000000b88de00000)]
=>0x0000023bfd2cf2c0 JavaThread "pool-1-thread-1" [_thread_in_Java, id=21704, stack(0x000000b88de00000,0x000000b88df00000)]
  0x0000023bfc0943d0 JavaThread "Worker-4" [_thread_blocked, id=12276, stack(0x000000b88e000000,0x000000b88e100000)]
  0x0000023bfb60b480 JavaThread "Worker-6" [_thread_blocked, id=22060, stack(0x000000b88e100000,0x000000b88e200000)]
  0x0000023bfb60d7f0 JavaThread "Java Debug Server" daemon [_thread_in_native, id=19052, stack(0x000000b88e200000,0x000000b88e300000)]
  0x0000023bfb610fa0 JavaThread "RxSchedulerPurge-1" daemon [_thread_blocked, id=1784, stack(0x000000b88e300000,0x000000b88e400000)]
  0x0000023bfb60ec30 JavaThread "RxCachedWorkerPoolEvictor-1" daemon [_thread_blocked, id=18968, stack(0x000000b88e500000,0x000000b88e600000)]
  0x0000023bfb60e210 JavaThread "ForkJoinPool.commonPool-worker-30" daemon [_thread_blocked, id=18784, stack(0x000000b88b000000,0x000000b88b100000)]

Other Threads:
  0x0000023be0b36310 VMThread "VM Thread" [stack: 0x000000b88b500000,0x000000b88b600000] [id=12416] _threads_hazard_ptr=0x0000023bfb46c0c0
  0x0000023bf9d021b0 WatcherThread [stack: 0x000000b88c100000,0x000000b88c200000] [id=22788]
  0x0000023be0ac60a0 GCTaskThread "GC Thread#0" [stack: 0x000000b88b400000,0x000000b88b500000] [id=18184]
  0x0000023bfb6e4a40 GCTaskThread "GC Thread#1" [stack: 0x000000b88c400000,0x000000b88c500000] [id=10764]
  0x0000023bfb6e4d00 GCTaskThread "GC Thread#2" [stack: 0x000000b88c500000,0x000000b88c600000] [id=22372]
  0x0000023bfb6e4fc0 GCTaskThread "GC Thread#3" [stack: 0x000000b88c600000,0x000000b88c700000] [id=4824]
  0x0000023bfb6e5280 GCTaskThread "GC Thread#4" [stack: 0x000000b88c700000,0x000000b88c800000] [id=22656]
  0x0000023bfb6e5540 GCTaskThread "GC Thread#5" [stack: 0x000000b88c800000,0x000000b88c900000] [id=20508]
  0x0000023bfbb53060 GCTaskThread "GC Thread#6" [stack: 0x000000b88c900000,0x000000b88ca00000] [id=9220]
  0x0000023bde7846f0 GCTaskThread "GC Thread#7" [stack: 0x000000b88cd00000,0x000000b88ce00000] [id=17440]
  0x0000023bfc2edb50 GCTaskThread "GC Thread#8" [stack: 0x000000b88cf00000,0x000000b88d000000] [id=3240]
  0x0000023bfc0126f0 GCTaskThread "GC Thread#9" [stack: 0x000000b88d000000,0x000000b88d100000] [id=9960]

Threads with active compile tasks:

VM state: synchronizing (normal execution)

VM Mutex/Monitor currently owned by a thread:  ([mutex/lock_event])
[0x0000023be0aae6b0] Threads_lock - owner thread: 0x0000023be0b36310
[0x0000023be0aaf1f0] Heap_lock - owner thread: 0x0000023bfc092a80

Heap address: 0x00000000c0000000, size: 1024 MB, Compressed Oops mode: 32-bit

CDS archive(s) not mapped
Compressed class space mapped at: 0x0000000100000000-0x0000000140000000, reserved size: 1073741824
Narrow klass base: 0x0000000000000000, Narrow klass shift: 3, Narrow klass range: 0x140000000

GC Precious Log:
 CPUs: 12 total, 12 available
 Memory: 15591M
 Large Page Support: Disabled
 NUMA Support: Disabled
 Compressed Oops: Enabled (32-bit)
 Alignments: Space 512K, Generation 512K, Heap 2M
 Heap Min Capacity: 100M
 Heap Initial Capacity: 100M
 Heap Max Capacity: 1G
 Pre-touch: Disabled
 Parallel Workers: 10

Heap:
 PSYoungGen      total 5632K, used 3652K [0x00000000eab00000, 0x00000000eb280000, 0x0000000100000000)
  eden space 3584K, 96% used [0x00000000eab00000,0x00000000eae61038,0x00000000eae80000)
  from space 2048K, 9% used [0x00000000eaf80000,0x00000000eafb0000,0x00000000eb180000)
  to   space 1024K, 0% used [0x00000000eb180000,0x00000000eb180000,0x00000000eb280000)
 ParOldGen       total 109056K, used 92907K [0x00000000c0000000, 0x00000000c6a80000, 0x00000000eab00000)
  object space 109056K, 85% used [0x00000000c0000000,0x00000000c5abae30,0x00000000c6a80000)
 Metaspace       used 81948K, committed 83200K, reserved 1179648K
  class space    used 8575K, committed 9152K, reserved 1048576K

Card table byte_map: [0x0000023be0430000,0x0000023be0640000] _byte_map_base: 0x0000023bdfe30000

Marking Bits: (ParMarkBitMap*) 0x00007ffd222083a0
 Begin Bits: [0x0000023bf2710000, 0x0000023bf3710000)
 End Bits:   [0x0000023bf3710000, 0x0000023bf4710000)

Polling page: 0x0000023bde9d0000

Metaspace:

Usage:
  Non-class:     71.65 MB used.
      Class:      8.37 MB used.
       Both:     80.03 MB used.

Virtual space:
  Non-class space:      128.00 MB reserved,      72.31 MB ( 56%) committed,  2 nodes.
      Class space:        1.00 GB reserved,       8.94 MB ( <1%) committed,  1 nodes.
             Both:        1.12 GB reserved,      81.25 MB (  7%) committed. 

Chunk freelists:
   Non-Class:  7.19 MB
       Class:  6.90 MB
        Both:  14.10 MB

MaxMetaspaceSize: unlimited
CompressedClassSpaceSize: 1.00 GB
Initial GC threshold: 21.00 MB
Current GC threshold: 135.25 MB
CDS: off
MetaspaceReclaimPolicy: balanced
 - commit_granule_bytes: 65536.
 - commit_granule_words: 8192.
 - virtual_space_node_default_size: 8388608.
 - enlarge_chunks_in_place: 1.
 - new_chunks_are_fully_committed: 0.
 - uncommit_free_chunks: 1.
 - use_allocation_guard: 0.
 - handle_deallocations: 1.


Internal statistics:

num_allocs_failed_limit: 9.
num_arena_births: 810.
num_arena_deaths: 108.
num_vsnodes_births: 3.
num_vsnodes_deaths: 0.
num_space_committed: 1300.
num_space_uncommitted: 0.
num_chunks_returned_to_freelist: 125.
num_chunks_taken_from_freelist: 4285.
num_chunk_merges: 48.
num_chunk_splits: 2652.
num_chunks_enlarged: 1568.
num_inconsistent_stats: 0.

CodeHeap 'non-profiled nmethods': size=120000Kb used=10486Kb max_used=10539Kb free=109513Kb
 bounds [0x0000023beb1e0000, 0x0000023bebc40000, 0x0000023bf2710000]
CodeHeap 'profiled nmethods': size=120000Kb used=23859Kb max_used=25287Kb free=96140Kb
 bounds [0x0000023be3710000, 0x0000023be4fe0000, 0x0000023beac40000]
CodeHeap 'non-nmethods': size=5760Kb used=1397Kb max_used=1469Kb free=4362Kb
 bounds [0x0000023beac40000, 0x0000023beaeb0000, 0x0000023beb1e0000]
 total_blobs=12016 nmethods=11271 adapters=656
 compilation: enabled
              stopped_count=0, restarted_count=0
 full_count=0

Compilation events (20 events):
Event: 9442.332 Thread 0x0000023bf9a66c50 14428       4       java.util.concurrent.ThreadPoolExecutor$Worker::unlock (7 bytes)
Event: 9442.332 Thread 0x0000023bfe22c850 14429       4       java.util.concurrent.ThreadPoolExecutor$Worker::lock (6 bytes)
Event: 9442.332 Thread 0x0000023bfe9a7350 14430       4       java.util.concurrent.ThreadPoolExecutor::ensurePrestart (41 bytes)
Event: 9442.334 Thread 0x0000023bfe22c850 nmethod 14429 0x0000023beb90dd10 code [0x0000023beb90de80, 0x0000023beb90df58]
Event: 9442.334 Thread 0x0000023bfe9a7350 nmethod 14430 0x0000023beb90d910 code [0x0000023beb90da80, 0x0000023beb90db58]
Event: 9442.334 Thread 0x0000023bfe22c850 14425   !   4       java.util.concurrent.FutureTask::runAndReset (125 bytes)
Event: 9442.334 Thread 0x0000023bfe9a7350 14426       4       java.util.concurrent.ScheduledThreadPoolExecutor$ScheduledFutureTask::setNextRunTime (38 bytes)
Event: 9442.335 Thread 0x0000023bf9a66c50 nmethod 14428 0x0000023beb890610 code [0x0000023beb8907a0, 0x0000023beb8908c8]
Event: 9442.335 Thread 0x0000023bf9a66c50 14427       4       java.util.concurrent.ScheduledThreadPoolExecutor::reExecutePeriodic (49 bytes)
Event: 9442.336 Thread 0x0000023bfe9a7350 nmethod 14426 0x0000023beb890010 code [0x0000023beb8901a0, 0x0000023beb8902a8]
Event: 9442.339 Thread 0x0000023bfe22c850 nmethod 14425 0x0000023beb83a490 code [0x0000023beb83a640, 0x0000023beb83a878]
Event: 9442.351 Thread 0x0000023bf9a66c50 nmethod 14427 0x0000023beb96fd10 code [0x0000023beb96ff00, 0x0000023beb9706b0]
Event: 9617.798 Thread 0x0000023bf9a66c50 14431   !   4       java.util.concurrent.locks.AbstractQueuedSynchronizer::acquire (407 bytes)
Event: 9617.845 Thread 0x0000023bf9a66c50 nmethod 14431 0x0000023beb9ecf90 code [0x0000023beb9ed1a0, 0x0000023beb9edbc0]
Event: 9971.641 Thread 0x0000023bf9a679e0 14432       3       org.eclipse.core.internal.events.ResourceDeltaFactory::createDelta (249 bytes)
Event: 9971.649 Thread 0x0000023bf9a679e0 nmethod 14432 0x0000023be4313e10 code [0x0000023be43140c0, 0x0000023be43150f8]
Event: 9971.649 Thread 0x0000023bf9a679e0 14434       3       org.eclipse.core.internal.events.ResourceDelta::fixMovesAndMarkers (350 bytes)
Event: 9971.655 Thread 0x0000023bf9a679e0 nmethod 14434 0x0000023be47aad10 code [0x0000023be47ab000, 0x0000023be47ac418]
Event: 9971.655 Thread 0x0000023bf9a679e0 14433       3       org.eclipse.core.internal.events.ResourceDelta::<init> (15 bytes)
Event: 9971.656 Thread 0x0000023bf9a679e0 nmethod 14433 0x0000023be4f79c10 code [0x0000023be4f79dc0, 0x0000023be4f79fb8]

GC Heap History (20 events):
Event: 1921.615 GC heap before
{Heap before GC invocations=235 (full 10):
 PSYoungGen      total 3584K, used 3584K [0x00000000eab00000, 0x00000000eb480000, 0x0000000100000000)
  eden space 2048K, 100% used [0x00000000eab00000,0x00000000ead00000,0x00000000ead00000)
  from space 1536K, 100% used [0x00000000ead00000,0x00000000eae80000,0x00000000eae80000)
  to   space 3584K, 0% used [0x00000000eb100000,0x00000000eb100000,0x00000000eb480000)
 ParOldGen       total 110080K, used 108379K [0x00000000c0000000, 0x00000000c6b80000, 0x00000000eab00000)
  object space 110080K, 98% used [0x00000000c0000000,0x00000000c69d6d38,0x00000000c6b80000)
 Metaspace       used 81923K, committed 83200K, reserved 1179648K
  class space    used 8575K, committed 9152K, reserved 1048576K
}
Event: 1921.622 GC heap after
{Heap after GC invocations=235 (full 10):
 PSYoungGen      total 4608K, used 1984K [0x00000000eab00000, 0x00000000eb300000, 0x0000000100000000)
  eden space 2560K, 0% used [0x00000000eab00000,0x00000000eab00000,0x00000000ead80000)
  from space 2048K, 96% used [0x00000000eb100000,0x00000000eb2f02f0,0x00000000eb300000)
  to   space 2560K, 0% used [0x00000000eae00000,0x00000000eae00000,0x00000000eb080000)
 ParOldGen       total 110080K, used 109872K [0x00000000c0000000, 0x00000000c6b80000, 0x00000000eab00000)
  object space 110080K, 99% used [0x00000000c0000000,0x00000000c6b4c1b8,0x00000000c6b80000)
 Metaspace       used 81923K, committed 83200K, reserved 1179648K
  class space    used 8575K, committed 9152K, reserved 1048576K
}
Event: 1921.622 GC heap before
{Heap before GC invocations=236 (full 11):
 PSYoungGen      total 4608K, used 1984K [0x00000000eab00000, 0x00000000eb300000, 0x0000000100000000)
  eden space 2560K, 0% used [0x00000000eab00000,0x00000000eab00000,0x00000000ead80000)
  from space 2048K, 96% used [0x00000000eb100000,0x00000000eb2f02f0,0x00000000eb300000)
  to   space 2560K, 0% used [0x00000000eae00000,0x00000000eae00000,0x00000000eb080000)
 ParOldGen       total 110080K, used 109872K [0x00000000c0000000, 0x00000000c6b80000, 0x00000000eab00000)
  object space 110080K, 99% used [0x00000000c0000000,0x00000000c6b4c1b8,0x00000000c6b80000)
 Metaspace       used 81923K, committed 83200K, reserved 1179648K
  class space    used 8575K, committed 9152K, reserved 1048576K
}
Event: 1921.841 GC heap after
{Heap after GC invocations=236 (full 11):
 PSYoungGen      total 5632K, used 0K [0x00000000eab00000, 0x00000000eb300000, 0x0000000100000000)
  eden space 3072K, 0% used [0x00000000eab00000,0x00000000eab00000,0x00000000eae00000)
  from space 2560K, 0% used [0x00000000eae00000,0x00000000eae00000,0x00000000eb080000)
  to   space 2560K, 0% used [0x00000000eb080000,0x00000000eb080000,0x00000000eb300000)
 ParOldGen       total 109056K, used 83247K [0x00000000c0000000, 0x00000000c6a80000, 0x00000000eab00000)
  object space 109056K, 76% used [0x00000000c0000000,0x00000000c514bf50,0x00000000c6a80000)
 Metaspace       used 81923K, committed 83200K, reserved 1179648K
  class space    used 8575K, committed 9152K, reserved 1048576K
}
Event: 1921.855 GC heap before
{Heap before GC invocations=237 (full 11):
 PSYoungGen      total 5632K, used 3072K [0x00000000eab00000, 0x00000000eb300000, 0x0000000100000000)
  eden space 3072K, 100% used [0x00000000eab00000,0x00000000eae00000,0x00000000eae00000)
  from space 2560K, 0% used [0x00000000eae00000,0x00000000eae00000,0x00000000eb080000)
  to   space 2560K, 0% used [0x00000000eb080000,0x00000000eb080000,0x00000000eb300000)
 ParOldGen       total 109056K, used 83247K [0x00000000c0000000, 0x00000000c6a80000, 0x00000000eab00000)
  object space 109056K, 76% used [0x00000000c0000000,0x00000000c514bf50,0x00000000c6a80000)
 Metaspace       used 81923K, committed 83200K, reserved 1179648K
  class space    used 8575K, committed 9152K, reserved 1048576K
}
Event: 1921.861 GC heap after
{Heap after GC invocations=237 (full 11):
 PSYoungGen      total 4608K, used 2528K [0x00000000eab00000, 0x00000000eb600000, 0x0000000100000000)
  eden space 2048K, 0% used [0x00000000eab00000,0x00000000eab00000,0x00000000ead00000)
  from space 2560K, 98% used [0x00000000eb080000,0x00000000eb2f82f0,0x00000000eb300000)
  to   space 3584K, 0% used [0x00000000ead00000,0x00000000ead00000,0x00000000eb080000)
 ParOldGen       total 109056K, used 83719K [0x00000000c0000000, 0x00000000c6a80000, 0x00000000eab00000)
  object space 109056K, 76% used [0x00000000c0000000,0x00000000c51c1f50,0x00000000c6a80000)
 Metaspace       used 81923K, committed 83200K, reserved 1179648K
  class space    used 8575K, committed 9152K, reserved 1048576K
}
Event: 1921.869 GC heap before
{Heap before GC invocations=238 (full 11):
 PSYoungGen      total 4608K, used 4576K [0x00000000eab00000, 0x00000000eb600000, 0x0000000100000000)
  eden space 2048K, 100% used [0x00000000eab00000,0x00000000ead00000,0x00000000ead00000)
  from space 2560K, 98% used [0x00000000eb080000,0x00000000eb2f82f0,0x00000000eb300000)
  to   space 3584K, 0% used [0x00000000ead00000,0x00000000ead00000,0x00000000eb080000)
 ParOldGen       total 109056K, used 83719K [0x00000000c0000000, 0x00000000c6a80000, 0x00000000eab00000)
  object space 109056K, 76% used [0x00000000c0000000,0x00000000c51c1f50,0x00000000c6a80000)
 Metaspace       used 81923K, committed 83200K, reserved 1179648K
  class space    used 8575K, committed 9152K, reserved 1048576K
}
Event: 1921.874 GC heap after
{Heap after GC invocations=238 (full 11):
 PSYoungGen      total 4096K, used 2048K [0x00000000eab00000, 0x00000000eb280000, 0x0000000100000000)
  eden space 2048K, 0% used [0x00000000eab00000,0x00000000eab00000,0x00000000ead00000)
  from space 2048K, 100% used [0x00000000ead00000,0x00000000eaf00000,0x00000000eaf00000)
  to   space 2560K, 0% used [0x00000000eb000000,0x00000000eb000000,0x00000000eb280000)
 ParOldGen       total 109056K, used 86288K [0x00000000c0000000, 0x00000000c6a80000, 0x00000000eab00000)
  object space 109056K, 79% used [0x00000000c0000000,0x00000000c5444240,0x00000000c6a80000)
 Metaspace       used 81923K, committed 83200K, reserved 1179648K
  class space    used 8575K, committed 9152K, reserved 1048576K
}
Event: 1923.810 GC heap before
{Heap before GC invocations=239 (full 11):
 PSYoungGen      total 4096K, used 3944K [0x00000000eab00000, 0x00000000eb280000, 0x0000000100000000)
  eden space 2048K, 92% used [0x00000000eab00000,0x00000000eacda248,0x00000000ead00000)
  from space 2048K, 100% used [0x00000000ead00000,0x00000000eaf00000,0x00000000eaf00000)
  to   space 2560K, 0% used [0x00000000eb000000,0x00000000eb000000,0x00000000eb280000)
 ParOldGen       total 109056K, used 86288K [0x00000000c0000000, 0x00000000c6a80000, 0x00000000eab00000)
  object space 109056K, 79% used [0x00000000c0000000,0x00000000c5444240,0x00000000c6a80000)
 Metaspace       used 81927K, committed 83200K, reserved 1179648K
  class space    used 8575K, committed 9152K, reserved 1048576K
}
Event: 1923.818 GC heap after
{Heap after GC invocations=239 (full 11):
 PSYoungGen      total 3584K, used 928K [0x00000000eab00000, 0x00000000eb100000, 0x0000000100000000)
  eden space 2560K, 0% used [0x00000000eab00000,0x00000000eab00000,0x00000000ead80000)
  from space 1024K, 90% used [0x00000000eb000000,0x00000000eb0e8000,0x00000000eb100000)
  to   space 1536K, 0% used [0x00000000eae00000,0x00000000eae00000,0x00000000eaf80000)
 ParOldGen       total 109056K, used 88264K [0x00000000c0000000, 0x00000000c6a80000, 0x00000000eab00000)
  object space 109056K, 80% used [0x00000000c0000000,0x00000000c5632240,0x00000000c6a80000)
 Metaspace       used 81927K, committed 83200K, reserved 1179648K
  class space    used 8575K, committed 9152K, reserved 1048576K
}
Event: 1923.827 GC heap before
{Heap before GC invocations=240 (full 11):
 PSYoungGen      total 3584K, used 3488K [0x00000000eab00000, 0x00000000eb100000, 0x0000000100000000)
  eden space 2560K, 100% used [0x00000000eab00000,0x00000000ead80000,0x00000000ead80000)
  from space 1024K, 90% used [0x00000000eb000000,0x00000000eb0e8000,0x00000000eb100000)
  to   space 1536K, 0% used [0x00000000eae00000,0x00000000eae00000,0x00000000eaf80000)
 ParOldGen       total 109056K, used 88264K [0x00000000c0000000, 0x00000000c6a80000, 0x00000000eab00000)
  object space 109056K, 80% used [0x00000000c0000000,0x00000000c5632240,0x00000000c6a80000)
 Metaspace       used 81927K, committed 83200K, reserved 1179648K
  class space    used 8575K, committed 9152K, reserved 1048576K
}
Event: 1923.832 GC heap after
{Heap after GC invocations=240 (full 11):
 PSYoungGen      total 4608K, used 1504K [0x00000000eab00000, 0x00000000eb600000, 0x0000000100000000)
  eden space 3072K, 0% used [0x00000000eab00000,0x00000000eab00000,0x00000000eae00000)
  from space 1536K, 97% used [0x00000000eae00000,0x00000000eaf782f0,0x00000000eaf80000)
  to   space 4096K, 0% used [0x00000000eb200000,0x00000000eb200000,0x00000000eb600000)
 ParOldGen       total 109056K, used 90029K [0x00000000c0000000, 0x00000000c6a80000, 0x00000000eab00000)
  object space 109056K, 82% used [0x00000000c0000000,0x00000000c57eb6c0,0x00000000c6a80000)
 Metaspace       used 81927K, committed 83200K, reserved 1179648K
  class space    used 8575K, committed 9152K, reserved 1048576K
}
Event: 1923.847 GC heap before
{Heap before GC invocations=241 (full 11):
 PSYoungGen      total 4608K, used 4576K [0x00000000eab00000, 0x00000000eb600000, 0x0000000100000000)
  eden space 3072K, 100% used [0x00000000eab00000,0x00000000eae00000,0x00000000eae00000)
  from space 1536K, 97% used [0x00000000eae00000,0x00000000eaf782f0,0x00000000eaf80000)
  to   space 4096K, 0% used [0x00000000eb200000,0x00000000eb200000,0x00000000eb600000)
 ParOldGen       total 109056K, used 90029K [0x00000000c0000000, 0x00000000c6a80000, 0x00000000eab00000)
  object space 109056K, 82% used [0x00000000c0000000,0x00000000c57eb6c0,0x00000000c6a80000)
 Metaspace       used 81927K, committed 83200K, reserved 1179648K
  class space    used 8575K, committed 9152K, reserved 1048576K
}
Event: 1923.851 GC heap after
{Heap after GC invocations=241 (full 11):
 PSYoungGen      total 7680K, used 3200K [0x00000000eab00000, 0x00000000eb600000, 0x0000000100000000)
  eden space 3584K, 0% used [0x00000000eab00000,0x00000000eab00000,0x00000000eae80000)
  from space 4096K, 78% used [0x00000000eb200000,0x00000000eb5202f0,0x00000000eb600000)
  to   space 3584K, 0% used [0x00000000eae80000,0x00000000eae80000,0x00000000eb200000)
 ParOldGen       total 109056K, used 91566K [0x00000000c0000000, 0x00000000c6a80000, 0x00000000eab00000)
  object space 109056K, 83% used [0x00000000c0000000,0x00000000c596b9b0,0x00000000c6a80000)
 Metaspace       used 81927K, committed 83200K, reserved 1179648K
  class space    used 8575K, committed 9152K, reserved 1048576K
}
Event: 1923.872 GC heap before
{Heap before GC invocations=242 (full 11):
 PSYoungGen      total 7680K, used 6784K [0x00000000eab00000, 0x00000000eb600000, 0x0000000100000000)
  eden space 3584K, 100% used [0x00000000eab00000,0x00000000eae80000,0x00000000eae80000)
  from space 4096K, 78% used [0x00000000eb200000,0x00000000eb5202f0,0x00000000eb600000)
  to   space 3584K, 0% used [0x00000000eae80000,0x00000000eae80000,0x00000000eb200000)
 ParOldGen       total 109056K, used 91566K [0x00000000c0000000, 0x00000000c6a80000, 0x00000000eab00000)
  object space 109056K, 83% used [0x00000000c0000000,0x00000000c596b9b0,0x00000000c6a80000)
 Metaspace       used 81928K, committed 83200K, reserved 1179648K
  class space    used 8575K, committed 9152K, reserved 1048576K
}
Event: 1923.876 GC heap after
{Heap after GC invocations=242 (full 11):
 PSYoungGen      total 7168K, used 1632K [0x00000000eab00000, 0x00000000eb480000, 0x0000000100000000)
  eden space 3584K, 0% used [0x00000000eab00000,0x00000000eab00000,0x00000000eae80000)
  from space 3584K, 45% used [0x00000000eae80000,0x00000000eb0182f0,0x00000000eb200000)
  to   space 2560K, 0% used [0x00000000eb200000,0x00000000eb200000,0x00000000eb480000)
 ParOldGen       total 109056K, used 92582K [0x00000000c0000000, 0x00000000c6a80000, 0x00000000eab00000)
  object space 109056K, 84% used [0x00000000c0000000,0x00000000c5a699b0,0x00000000c6a80000)
 Metaspace       used 81928K, committed 83200K, reserved 1179648K
  class space    used 8575K, committed 9152K, reserved 1048576K
}
Event: 1923.893 GC heap before
{Heap before GC invocations=243 (full 11):
 PSYoungGen      total 7168K, used 5216K [0x00000000eab00000, 0x00000000eb480000, 0x0000000100000000)
  eden space 3584K, 100% used [0x00000000eab00000,0x00000000eae80000,0x00000000eae80000)
  from space 3584K, 45% used [0x00000000eae80000,0x00000000eb0182f0,0x00000000eb200000)
  to   space 2560K, 0% used [0x00000000eb200000,0x00000000eb200000,0x00000000eb480000)
 ParOldGen       total 109056K, used 92582K [0x00000000c0000000, 0x00000000c6a80000, 0x00000000eab00000)
  object space 109056K, 84% used [0x00000000c0000000,0x00000000c5a699b0,0x00000000c6a80000)
 Metaspace       used 81928K, committed 83200K, reserved 1179648K
  class space    used 8575K, committed 9152K, reserved 1048576K
}
Event: 1923.896 GC heap after
{Heap after GC invocations=243 (full 11):
 PSYoungGen      total 5120K, used 1408K [0x00000000eab00000, 0x00000000eb380000, 0x0000000100000000)
  eden space 3584K, 0% used [0x00000000eab00000,0x00000000eab00000,0x00000000eae80000)
  from space 1536K, 91% used [0x00000000eb200000,0x00000000eb3602f0,0x00000000eb380000)
  to   space 2048K, 0% used [0x00000000eaf80000,0x00000000eaf80000,0x00000000eb180000)
 ParOldGen       total 109056K, used 92891K [0x00000000c0000000, 0x00000000c6a80000, 0x00000000eab00000)
  object space 109056K, 85% used [0x00000000c0000000,0x00000000c5ab6e30,0x00000000c6a80000)
 Metaspace       used 81928K, committed 83200K, reserved 1179648K
  class space    used 8575K, committed 9152K, reserved 1048576K
}
Event: 3993.800 GC heap before
{Heap before GC invocations=244 (full 11):
 PSYoungGen      total 5120K, used 4992K [0x00000000eab00000, 0x00000000eb380000, 0x0000000100000000)
  eden space 3584K, 100% used [0x00000000eab00000,0x00000000eae80000,0x00000000eae80000)
  from space 1536K, 91% used [0x00000000eb200000,0x00000000eb3602f0,0x00000000eb380000)
  to   space 2048K, 0% used [0x00000000eaf80000,0x00000000eaf80000,0x00000000eb180000)
 ParOldGen       total 109056K, used 92891K [0x00000000c0000000, 0x00000000c6a80000, 0x00000000eab00000)
  object space 109056K, 85% used [0x00000000c0000000,0x00000000c5ab6e30,0x00000000c6a80000)
 Metaspace       used 81938K, committed 83200K, reserved 1179648K
  class space    used 8575K, committed 9152K, reserved 1048576K
}
Event: 3993.803 GC heap after
{Heap after GC invocations=244 (full 11):
 PSYoungGen      total 5632K, used 192K [0x00000000eab00000, 0x00000000eb280000, 0x0000000100000000)
  eden space 3584K, 0% used [0x00000000eab00000,0x00000000eab00000,0x00000000eae80000)
  from space 2048K, 9% used [0x00000000eaf80000,0x00000000eafb0000,0x00000000eb180000)
  to   space 1024K, 0% used [0x00000000eb180000,0x00000000eb180000,0x00000000eb280000)
 ParOldGen       total 109056K, used 92907K [0x00000000c0000000, 0x00000000c6a80000, 0x00000000eab00000)
  object space 109056K, 85% used [0x00000000c0000000,0x00000000c5abae30,0x00000000c6a80000)
 Metaspace       used 81938K, committed 83200K, reserved 1179648K
  class space    used 8575K, committed 9152K, reserved 1048576K
}

Dll operation events (10 events):
Event: 0.046 Loaded shared library c:\Users\gtreviza\.vscode\extensions\redhat.java-1.24.0-win32-x64\jre\17.0.8.1-win32-x86_64\bin\java.dll
Event: 0.299 Loaded shared library c:\Users\gtreviza\.vscode\extensions\redhat.java-1.24.0-win32-x64\jre\17.0.8.1-win32-x86_64\bin\zip.dll
Event: 0.305 Loaded shared library C:\Users\gtreviza\.vscode\extensions\redhat.java-1.24.0-win32-x64\jre\17.0.8.1-win32-x86_64\bin\instrument.dll
Event: 0.334 Loaded shared library C:\Users\gtreviza\.vscode\extensions\redhat.java-1.24.0-win32-x64\jre\17.0.8.1-win32-x86_64\bin\net.dll
Event: 0.344 Loaded shared library C:\Users\gtreviza\.vscode\extensions\redhat.java-1.24.0-win32-x64\jre\17.0.8.1-win32-x86_64\bin\nio.dll
Event: 0.356 Loaded shared library C:\Users\gtreviza\.vscode\extensions\redhat.java-1.24.0-win32-x64\jre\17.0.8.1-win32-x86_64\bin\zip.dll
Event: 0.388 Loaded shared library C:\Users\gtreviza\.vscode\extensions\redhat.java-1.24.0-win32-x64\jre\17.0.8.1-win32-x86_64\bin\jimage.dll
Event: 0.511 Loaded shared library c:\Users\gtreviza\.vscode\extensions\redhat.java-1.24.0-win32-x64\jre\17.0.8.1-win32-x86_64\bin\verify.dll
Event: 1.835 Loaded shared library C:\Users\gtreviza\AppData\Roaming\Code\User\globalStorage\redhat.java\1.24.0\config_win\org.eclipse.equinox.launcher\org.eclipse.equinox.launcher.win32.win32.x86_64_1.2.700.v20221108-1024\eclipse_11801.dll
Event: 6.029 Loaded shared library C:\Users\gtreviza\AppData\Local\Temp\jna--1942298374\jna7277714497776994017.dll

Deoptimization events (20 events):
Event: 1921.530 Thread 0x0000023bfd2cd460 Uncommon trap: trap_request=0xfffffff4 fr.pc=0x0000023beb433708 relative=0x0000000000000a48
Event: 1921.530 Thread 0x0000023bfd2cd460 Uncommon trap: reason=null_check action=make_not_entrant pc=0x0000023beb433708 method=lombok.core.configuration.FileSystemSourceCache.ensureContent(Llombok/core/configuration/ConfigurationFile;)Llombok/core/configuration/FileSystemSourceCache$Content; @ 1
Event: 1921.530 Thread 0x0000023bfd2cd460 DEOPT PACKING pc=0x0000023beb433708 sp=0x000000b88d2fe3d0
Event: 1921.530 Thread 0x0000023bfd2cd460 DEOPT UNPACKING pc=0x0000023beac966a3 sp=0x000000b88d2fe1a8 mode 2
Event: 1921.530 Thread 0x0000023bfd2cd460 Uncommon trap: trap_request=0xfffffff4 fr.pc=0x0000023beb7d0304 relative=0x00000000000001a4
Event: 1921.531 Thread 0x0000023bfd2cd460 Uncommon trap: reason=null_check action=make_not_entrant pc=0x0000023beb7d0304 method=lombok.core.configuration.FileSystemSourceCache.ensureContent(Llombok/core/configuration/ConfigurationFile;)Llombok/core/configuration/FileSystemSourceCache$Content; @ 1
Event: 1921.531 Thread 0x0000023bfd2cd460 DEOPT PACKING pc=0x0000023beb7d0304 sp=0x000000b88d2fe2d0
Event: 1921.531 Thread 0x0000023bfd2cd460 DEOPT UNPACKING pc=0x0000023beac966a3 sp=0x000000b88d2fe208 mode 2
Event: 1922.724 Thread 0x0000023bfb60b480 Uncommon trap: trap_request=0xffffffde fr.pc=0x0000023beb985ea4 relative=0x0000000000000184
Event: 1922.724 Thread 0x0000023bfb60b480 Uncommon trap: reason=class_check action=maybe_recompile pc=0x0000023beb985ea4 method=java.util.stream.ReferencePipeline$Head.forEach(Ljava/util/function/Consumer;)V @ 12 c2
Event: 1922.724 Thread 0x0000023bfb60b480 DEOPT PACKING pc=0x0000023beb985ea4 sp=0x000000b88e1fea30
Event: 1922.725 Thread 0x0000023bfb60b480 DEOPT UNPACKING pc=0x0000023beac966a3 sp=0x000000b88e1fe9d8 mode 2
Event: 1922.775 Thread 0x0000023bfb60b480 Uncommon trap: trap_request=0xffffff45 fr.pc=0x0000023beb8f9f74 relative=0x00000000000004b4
Event: 1922.775 Thread 0x0000023bfb60b480 Uncommon trap: reason=unstable_if action=reinterpret pc=0x0000023beb8f9f74 method=org.eclipse.jdt.ls.core.internal.filesystem.JLSFile.getFileStore(Lorg/eclipse/core/runtime/IPath;)Lorg/eclipse/core/filesystem/IFileStore; @ 20 c2
Event: 1922.775 Thread 0x0000023bfb60b480 DEOPT PACKING pc=0x0000023beb8f9f74 sp=0x000000b88e1fede0
Event: 1922.775 Thread 0x0000023bfb60b480 DEOPT UNPACKING pc=0x0000023beac966a3 sp=0x000000b88e1fed80 mode 2
Event: 9971.667 Thread 0x0000023bfd2cf2c0 Uncommon trap: trap_request=0xffffff45 fr.pc=0x0000023beb76fb0c relative=0x000000000000008c
Event: 9971.667 Thread 0x0000023bfd2cf2c0 Uncommon trap: reason=unstable_if action=reinterpret pc=0x0000023beb76fb0c method=lombok.core.configuration.FileSystemSourceCache.cacheClear()V @ 16 c2
Event: 9971.667 Thread 0x0000023bfd2cf2c0 DEOPT PACKING pc=0x0000023beb76fb0c sp=0x000000b88defc6b0
Event: 9971.667 Thread 0x0000023bfd2cf2c0 DEOPT UNPACKING pc=0x0000023beac966a3 sp=0x000000b88defc650 mode 2

Classes unloaded (20 events):
Event: 1524.780 Thread 0x0000023be0b36310 Unloading class 0x00000001002a2c00 'java/lang/invoke/LambdaForm$MH+0x00000001002a2c00'
Event: 1524.780 Thread 0x0000023be0b36310 Unloading class 0x00000001002a2800 'java/lang/invoke/LambdaForm$MH+0x00000001002a2800'
Event: 1524.780 Thread 0x0000023be0b36310 Unloading class 0x00000001002a2400 'java/lang/invoke/LambdaForm$MH+0x00000001002a2400'
Event: 1524.780 Thread 0x0000023be0b36310 Unloading class 0x00000001002a2000 'java/lang/invoke/LambdaForm$MH+0x00000001002a2000'
Event: 1524.780 Thread 0x0000023be0b36310 Unloading class 0x000000010024d800 'java/lang/invoke/LambdaForm$MH+0x000000010024d800'
Event: 1524.780 Thread 0x0000023be0b36310 Unloading class 0x000000010022d400 'java/lang/invoke/LambdaForm$MH+0x000000010022d400'
Event: 1524.780 Thread 0x0000023be0b36310 Unloading class 0x000000010022d000 'java/lang/invoke/LambdaForm$MH+0x000000010022d000'
Event: 1524.780 Thread 0x0000023be0b36310 Unloading class 0x000000010022cc00 'java/lang/invoke/LambdaForm$MH+0x000000010022cc00'
Event: 1524.780 Thread 0x0000023be0b36310 Unloading class 0x000000010022c800 'java/lang/invoke/LambdaForm$MH+0x000000010022c800'
Event: 1524.781 Thread 0x0000023be0b36310 Unloading class 0x000000010022c400 'java/lang/invoke/LambdaForm$MH+0x000000010022c400'
Event: 1524.781 Thread 0x0000023be0b36310 Unloading class 0x000000010022c000 'java/lang/invoke/LambdaForm$MH+0x000000010022c000'
Event: 1524.781 Thread 0x0000023be0b36310 Unloading class 0x0000000100222800 'jdk/internal/reflect/GeneratedConstructorAccessor3'
Event: 1524.781 Thread 0x0000023be0b36310 Unloading class 0x000000010021ec00 'java/lang/invoke/LambdaForm$MH+0x000000010021ec00'
Event: 1524.781 Thread 0x0000023be0b36310 Unloading class 0x000000010021e800 'java/lang/invoke/LambdaForm$MH+0x000000010021e800'
Event: 1524.781 Thread 0x0000023be0b36310 Unloading class 0x000000010021e000 'java/lang/invoke/LambdaForm$MH+0x000000010021e000'
Event: 1524.781 Thread 0x0000023be0b36310 Unloading class 0x0000000100129000 'jdk/internal/reflect/GeneratedMethodAccessor5'
Event: 1524.781 Thread 0x0000023be0b36310 Unloading class 0x0000000100128c00 'jdk/internal/reflect/GeneratedMethodAccessor4'
Event: 1524.781 Thread 0x0000023be0b36310 Unloading class 0x0000000100128800 'jdk/internal/reflect/GeneratedMethodAccessor3'
Event: 1524.781 Thread 0x0000023be0b36310 Unloading class 0x0000000100128400 'jdk/internal/reflect/GeneratedMethodAccessor2'
Event: 1524.781 Thread 0x0000023be0b36310 Unloading class 0x0000000100128000 'jdk/internal/reflect/GeneratedMethodAccessor1'

Classes redefined (0 events):
No events

Internal exceptions (20 events):
Event: 1622.737 Thread 0x0000023bfc092a80 Implicit null exception at 0x0000023beb9a5f12 to 0x0000023beb9a8200
Event: 1622.758 Thread 0x0000023bfc092a80 Exception <a 'sun/nio/fs/WindowsException'{0x00000000eb0de670}> (0x00000000eb0de670) 
thrown [s\src\hotspot\share\prims\jni.cpp, line 516]
Event: 1623.282 Thread 0x0000023bfb60b480 Exception <a 'sun/nio/fs/WindowsException'{0x00000000ead1dba0}> (0x00000000ead1dba0) 
thrown [s\src\hotspot\share\prims\jni.cpp, line 516]
Event: 1623.315 Thread 0x0000023bfc092a80 Exception <a 'sun/nio/fs/WindowsException'{0x00000000eaca6860}> (0x00000000eaca6860) 
thrown [s\src\hotspot\share\prims\jni.cpp, line 516]
Event: 1623.320 Thread 0x0000023bfd2cca40 Implicit null exception at 0x0000023beb91e226 to 0x0000023beb91eae4
Event: 1623.332 Thread 0x0000023bfc092a80 Implicit null exception at 0x0000023beb7ac4b4 to 0x0000023beb7ac88c
Event: 1623.337 Thread 0x0000023bfc092a80 Implicit null exception at 0x0000023beb68e2d2 to 0x0000023beb68e774
Event: 1623.352 Thread 0x0000023bfd2cf7d0 Exception <a 'sun/nio/fs/WindowsException'{0x00000000eabe4b38}> (0x00000000eabe4b38) 
thrown [s\src\hotspot\share\prims\jni.cpp, line 516]
Event: 1623.358 Thread 0x0000023bfd2cf7d0 Exception <a 'sun/nio/fs/WindowsException'{0x00000000eac27ff8}> (0x00000000eac27ff8) 
thrown [s\src\hotspot\share\prims\jni.cpp, line 516]
Event: 1623.370 Thread 0x0000023bfd2cf7d0 Exception <a 'sun/nio/fs/WindowsException'{0x00000000eac55630}> (0x00000000eac55630) 
thrown [s\src\hotspot\share\prims\jni.cpp, line 516]
Event: 1623.375 Thread 0x0000023bfd2cf7d0 Exception <a 'sun/nio/fs/WindowsException'{0x00000000eac5a768}> (0x00000000eac5a768) 
thrown [s\src\hotspot\share\prims\jni.cpp, line 516]
Event: 1623.460 Thread 0x0000023bfd2cf7d0 Implicit null exception at 0x0000023beb8da381 to 0x0000023beb8da6cc
Event: 1623.567 Thread 0x0000023bfb6114b0 Exception <a 'java/io/FileNotFoundException'{0x00000000eab47d38}> (0x00000000eab47d38) 
thrown [s\src\hotspot\share\prims\jni.cpp, line 516]
Event: 1623.976 Thread 0x0000023bfb6114b0 Exception <a 'java/lang/NoSuchMethodError'{0x00000000eacddb70}: 'java.lang.Object java.lang.invoke.DirectMethodHandle$Holder.invokeVirtual(java.lang.Object, java.lang.Object, java.lang.Object, java.lang.Object)'> (0x00000000eacddb70) 
thrown [s\src\hotspot\share\interpreter\linkResolver.cpp, line 759]
Event: 1624.068 Thread 0x0000023bfb60d2e0 Exception <a 'java/lang/NoSuchMethodError'{0x00000000eabbafb8}: 'java.lang.Object java.lang.invoke.DirectMethodHandle$Holder.invokeStatic(java.lang.Object, long, java.lang.Object, java.lang.Object)'> (0x00000000eabbafb8) 
thrown [s\src\hotspot\share\interpreter\linkResolver.cpp, line 759]
Event: 1624.069 Thread 0x0000023bfb60d2e0 Exception <a 'java/lang/NoSuchMethodError'{0x00000000eabc2020}: 'java.lang.Object java.lang.invoke.DirectMethodHandle$Holder.newInvokeSpecial(java.lang.Object, long)'> (0x00000000eabc2020) 
thrown [s\src\hotspot\share\interpreter\linkResolver.cpp, line 759]
Event: 1649.005 Thread 0x0000023bfc092a80 Exception <a 'sun/nio/fs/WindowsException'{0x00000000ead82958}> (0x00000000ead82958) 
thrown [s\src\hotspot\share\prims\jni.cpp, line 516]
Event: 1649.299 Thread 0x0000023bfc092a80 Exception <a 'sun/nio/fs/WindowsException'{0x00000000eabf2d68}> (0x00000000eabf2d68) 
thrown [s\src\hotspot\share\prims\jni.cpp, line 516]
Event: 1921.530 Thread 0x0000023bfd2cd460 Implicit null exception at 0x0000023beb432fb4 to 0x0000023beb4336e1
Event: 1921.530 Thread 0x0000023bfd2cd460 Implicit null exception at 0x0000023beb7d0209 to 0x0000023beb7d02f5

VM Operations (20 events):
Event: 5291.776 Executing VM operation: HandshakeAllThreads
Event: 5291.776 Executing VM operation: HandshakeAllThreads done
Event: 8879.616 Executing VM operation: Cleanup
Event: 8879.616 Executing VM operation: Cleanup done
Event: 8880.629 Executing VM operation: Cleanup
Event: 8880.629 Executing VM operation: Cleanup done
Event: 8883.648 Executing VM operation: Cleanup
Event: 8883.649 Executing VM operation: Cleanup done
Event: 8998.855 Executing VM operation: HandshakeAllThreads
Event: 8998.856 Executing VM operation: HandshakeAllThreads done
Event: 9059.106 Executing VM operation: HandshakeAllThreads
Event: 9059.106 Executing VM operation: HandshakeAllThreads done
Event: 9442.326 Executing VM operation: HandshakeAllThreads
Event: 9442.326 Executing VM operation: HandshakeAllThreads done
Event: 9452.378 Executing VM operation: Cleanup
Event: 9452.378 Executing VM operation: Cleanup done
Event: 9502.511 Executing VM operation: HandshakeAllThreads
Event: 9502.512 Executing VM operation: HandshakeAllThreads done
Event: 9942.375 Executing VM operation: HandshakeAllThreads
Event: 9942.376 Executing VM operation: HandshakeAllThreads done

Events (20 events):
Event: 1922.750 Thread 0x0000023bfb6114b0 Thread exited: 0x0000023bfb6114b0
Event: 1922.750 Thread 0x0000023bfb60f650 Thread exited: 0x0000023bfb60f650
Event: 1983.919 Thread 0x0000023bfd2cd460 Thread exited: 0x0000023bfd2cd460
Event: 2043.930 Thread 0x0000023bfb610580 Thread exited: 0x0000023bfb610580
Event: 2103.936 Thread 0x0000023bfb60fb60 Thread exited: 0x0000023bfb60fb60
Event: 2163.939 Thread 0x0000023bfb60e210 Thread exited: 0x0000023bfb60e210
Event: 2223.940 Thread 0x0000023bfb60af70 Thread exited: 0x0000023bfb60af70
Event: 2283.944 Thread 0x0000023bfd2d2a70 Thread exited: 0x0000023bfd2d2a70
Event: 2343.951 Thread 0x0000023bfd2ccf50 Thread exited: 0x0000023bfd2ccf50
Event: 2403.953 Thread 0x0000023bfd2d2f80 Thread exited: 0x0000023bfd2d2f80
Event: 2463.967 Thread 0x0000023bfd2cfce0 Thread exited: 0x0000023bfd2cfce0
Event: 2523.975 Thread 0x0000023bfd2cedb0 Thread exited: 0x0000023bfd2cedb0
Event: 2583.991 Thread 0x0000023bfd2d3490 Thread exited: 0x0000023bfd2d3490
Event: 8879.311 Thread 0x0000023bfe9a7350 Thread added: 0x0000023bfe9a7350
Event: 8883.167 Thread 0x0000023bfe9a7350 Thread exited: 0x0000023bfe9a7350
Event: 9442.331 Thread 0x0000023bfe9a7350 Thread added: 0x0000023bfe9a7350
Event: 9442.332 Thread 0x0000023bfe22c850 Thread added: 0x0000023bfe22c850
Event: 9447.339 Thread 0x0000023bfe22c850 Thread exited: 0x0000023bfe22c850
Event: 9452.346 Thread 0x0000023bfe9a7350 Thread exited: 0x0000023bfe9a7350
Event: 9971.596 Thread 0x0000023bfb60e210 Thread added: 0x0000023bfb60e210


Dynamic libraries:
0x00007ff765700000 - 0x00007ff76570e000 	c:\Users\gtreviza\.vscode\extensions\redhat.java-1.24.0-win32-x64\jre\17.0.8.1-win32-x86_64\bin\java.exe
0x00007ffda4410000 - 0x00007ffda4627000 	C:\WINDOWS\SYSTEM32\ntdll.dll
0x00007ffda3500000 - 0x00007ffda35c4000 	C:\WINDOWS\System32\KERNEL32.DLL
0x00007ffda1b40000 - 0x00007ffda1ee6000 	C:\WINDOWS\System32\KERNELBASE.dll
0x00007ffda2050000 - 0x00007ffda2161000 	C:\WINDOWS\System32\ucrtbase.dll
0x00007ffd90980000 - 0x00007ffd90999000 	c:\Users\gtreviza\.vscode\extensions\redhat.java-1.24.0-win32-x64\jre\17.0.8.1-win32-x86_64\bin\VCRUNTIME140.dll
0x00007ffd921d0000 - 0x00007ffd921e7000 	c:\Users\gtreviza\.vscode\extensions\redhat.java-1.24.0-win32-x64\jre\17.0.8.1-win32-x86_64\bin\jli.dll
0x00007ffda4220000 - 0x00007ffda43cd000 	C:\WINDOWS\System32\USER32.dll
0x00007ffd84600000 - 0x00007ffd84893000 	C:\WINDOWS\WinSxS\amd64_microsoft.windows.common-controls_6595b64144ccf1df_6.0.22621.2361_none_2712ced57382f843\COMCTL32.dll
0x00007ffda1930000 - 0x00007ffda1956000 	C:\WINDOWS\System32\win32u.dll
0x00007ffda3dd0000 - 0x00007ffda3e77000 	C:\WINDOWS\System32\msvcrt.dll
0x00007ffda34a0000 - 0x00007ffda34c9000 	C:\WINDOWS\System32\GDI32.dll
0x00007ffda1790000 - 0x00007ffda18a8000 	C:\WINDOWS\System32\gdi32full.dll
0x00007ffda1ef0000 - 0x00007ffda1f8a000 	C:\WINDOWS\System32\msvcp_win.dll
0x00007ffda3b30000 - 0x00007ffda3b61000 	C:\WINDOWS\System32\IMM32.DLL
0x0000023bde9f0000 - 0x0000023bdea04000 	C:\WINDOWS\System32\umppc17213.dll
0x00007ffda1280000 - 0x00007ffda1390000 	C:\Program Files\Avecto\Privilege Guard Client\PGHook.dll
0x00007ffd995b0000 - 0x00007ffd995bc000 	c:\Users\gtreviza\.vscode\extensions\redhat.java-1.24.0-win32-x64\jre\17.0.8.1-win32-x86_64\bin\vcruntime140_1.dll
0x00007ffd6ea10000 - 0x00007ffd6eaa1000 	c:\Users\gtreviza\.vscode\extensions\redhat.java-1.24.0-win32-x64\jre\17.0.8.1-win32-x86_64\bin\msvcp140.dll
0x00007ffd21680000 - 0x00007ffd222cc000 	c:\Users\gtreviza\.vscode\extensions\redhat.java-1.24.0-win32-x64\jre\17.0.8.1-win32-x86_64\bin\server\jvm.dll
0x00007ffda3cc0000 - 0x00007ffda3d70000 	C:\WINDOWS\System32\ADVAPI32.dll
0x00007ffda35d0000 - 0x00007ffda3676000 	C:\WINDOWS\System32\sechost.dll
0x00007ffda2250000 - 0x00007ffda2367000 	C:\WINDOWS\System32\RPCRT4.dll
0x00007ffda13b0000 - 0x00007ffda13fd000 	C:\WINDOWS\SYSTEM32\POWRPROF.dll
0x00007ffd99920000 - 0x00007ffd99929000 	C:\WINDOWS\SYSTEM32\WSOCK32.dll
0x00007ffda2170000 - 0x00007ffda21e1000 	C:\WINDOWS\System32\WS2_32.dll
0x00007ffd98c40000 - 0x00007ffd98c74000 	C:\WINDOWS\SYSTEM32\WINMM.dll
0x00007ffd98c00000 - 0x00007ffd98c0a000 	C:\WINDOWS\SYSTEM32\VERSION.dll
0x00007ffda1390000 - 0x00007ffda13a3000 	C:\WINDOWS\SYSTEM32\UMPDC.dll
0x00007ffda0530000 - 0x00007ffda0548000 	C:\WINDOWS\SYSTEM32\kernel.appcore.dll
0x00007ffd92090000 - 0x00007ffd9209a000 	c:\Users\gtreviza\.vscode\extensions\redhat.java-1.24.0-win32-x64\jre\17.0.8.1-win32-x86_64\bin\jimage.dll
0x00007ffd9e9d0000 - 0x00007ffd9ebfe000 	C:\WINDOWS\SYSTEM32\DBGHELP.DLL
0x00007ffda3e80000 - 0x00007ffda420a000 	C:\WINDOWS\System32\combase.dll
0x00007ffda3680000 - 0x00007ffda3757000 	C:\WINDOWS\System32\OLEAUT32.dll
0x00007ffd8c070000 - 0x00007ffd8c0a2000 	C:\WINDOWS\SYSTEM32\dbgcore.DLL
0x00007ffda18b0000 - 0x00007ffda192a000 	C:\WINDOWS\System32\bcryptPrimitives.dll
0x00007ffd915f0000 - 0x00007ffd915fe000 	c:\Users\gtreviza\.vscode\extensions\redhat.java-1.24.0-win32-x64\jre\17.0.8.1-win32-x86_64\bin\instrument.dll
0x00007ffd74150000 - 0x00007ffd74175000 	c:\Users\gtreviza\.vscode\extensions\redhat.java-1.24.0-win32-x64\jre\17.0.8.1-win32-x86_64\bin\java.dll
0x00007ffd820b0000 - 0x00007ffd820c8000 	c:\Users\gtreviza\.vscode\extensions\redhat.java-1.24.0-win32-x64\jre\17.0.8.1-win32-x86_64\bin\zip.dll
0x00007ffda2470000 - 0x00007ffda2cc8000 	C:\WINDOWS\System32\SHELL32.dll
0x00007ffd9f3f0000 - 0x00007ffd9fce2000 	C:\WINDOWS\SYSTEM32\windows.storage.dll
0x00007ffd9f2b0000 - 0x00007ffd9f3ee000 	C:\WINDOWS\SYSTEM32\wintypes.dll
0x00007ffda33a0000 - 0x00007ffda3493000 	C:\WINDOWS\System32\SHCORE.dll
0x00007ffda2410000 - 0x00007ffda246e000 	C:\WINDOWS\System32\shlwapi.dll
0x00007ffda16c0000 - 0x00007ffda16e6000 	C:\WINDOWS\SYSTEM32\profapi.dll
0x00007ffd818e0000 - 0x00007ffd818f9000 	C:\Users\gtreviza\.vscode\extensions\redhat.java-1.24.0-win32-x64\jre\17.0.8.1-win32-x86_64\bin\net.dll
0x00007ffda05b0000 - 0x00007ffda06e7000 	C:\WINDOWS\SYSTEM32\WINHTTP.dll
0x00007ffda0b40000 - 0x00007ffda0ba9000 	C:\WINDOWS\system32\mswsock.dll
0x00007ffd7d7c0000 - 0x00007ffd7d7d5000 	C:\Users\gtreviza\.vscode\extensions\redhat.java-1.24.0-win32-x64\jre\17.0.8.1-win32-x86_64\bin\nio.dll
0x00007ffd913c0000 - 0x00007ffd913d0000 	c:\Users\gtreviza\.vscode\extensions\redhat.java-1.24.0-win32-x64\jre\17.0.8.1-win32-x86_64\bin\verify.dll
0x00007ffd738b0000 - 0x00007ffd738ee000 	C:\Users\gtreviza\AppData\Roaming\Code\User\globalStorage\redhat.java\1.24.0\config_win\org.eclipse.equinox.launcher\org.eclipse.equinox.launcher.win32.win32.x86_64_1.2.700.v20221108-1024\eclipse_11801.dll
0x00007ffda2d80000 - 0x00007ffda2f1f000 	C:\WINDOWS\System32\ole32.dll
0x00007ffda0de0000 - 0x00007ffda0dfb000 	C:\WINDOWS\SYSTEM32\CRYPTSP.dll
0x00007ffda04f0000 - 0x00007ffda0525000 	C:\WINDOWS\system32\rsaenh.dll
0x00007ffda0be0000 - 0x00007ffda0c0c000 	C:\WINDOWS\SYSTEM32\USERENV.dll
0x00007ffda0f60000 - 0x00007ffda0f88000 	C:\WINDOWS\SYSTEM32\bcrypt.dll
0x00007ffda0dc0000 - 0x00007ffda0dcc000 	C:\WINDOWS\SYSTEM32\CRYPTBASE.dll
0x00007ffd9fe10000 - 0x00007ffd9fe3d000 	C:\WINDOWS\SYSTEM32\IPHLPAPI.DLL
0x00007ffda34f0000 - 0x00007ffda34f9000 	C:\WINDOWS\System32\NSI.dll
0x00007ffd99a40000 - 0x00007ffd99a59000 	C:\WINDOWS\SYSTEM32\dhcpcsvc6.DLL
0x00007ffd999a0000 - 0x00007ffd999bf000 	C:\WINDOWS\SYSTEM32\dhcpcsvc.DLL
0x00007ffd9fe40000 - 0x00007ffd9ff39000 	C:\WINDOWS\SYSTEM32\DNSAPI.dll
0x00007ffd6e930000 - 0x00007ffd6e975000 	C:\Users\gtreviza\AppData\Local\Temp\jna--1942298374\jna7277714497776994017.dll
0x00007ffda2400000 - 0x00007ffda2408000 	C:\WINDOWS\System32\PSAPI.DLL

dbghelp: loaded successfully - version: 4.0.5 - missing functions: none
symbol engine: initialized successfully - sym options: 0x614 - pdb path: .;c:\Users\gtreviza\.vscode\extensions\redhat.java-1.24.0-win32-x64\jre\17.0.8.1-win32-x86_64\bin;C:\WINDOWS\SYSTEM32;C:\WINDOWS\WinSxS\amd64_microsoft.windows.common-controls_6595b64144ccf1df_6.0.22621.2361_none_2712ced57382f843;C:\Program Files\Avecto\Privilege Guard Client;c:\Users\gtreviza\.vscode\extensions\redhat.java-1.24.0-win32-x64\jre\17.0.8.1-win32-x86_64\bin\server;C:\Users\gtreviza\AppData\Roaming\Code\User\globalStorage\redhat.java\1.24.0\config_win\org.eclipse.equinox.launcher\org.eclipse.equinox.launcher.win32.win32.x86_64_1.2.700.v20221108-1024;C:\Users\gtreviza\AppData\Local\Temp\jna--1942298374

VM Arguments:
jvm_args: --add-modules=ALL-SYSTEM --add-opens=java.base/java.util=ALL-UNNAMED --add-opens=java.base/java.lang=ALL-UNNAMED --add-opens=java.base/sun.nio.fs=ALL-UNNAMED -Declipse.application=org.eclipse.jdt.ls.core.id1 -Dosgi.bundles.defaultStartLevel=4 -Declipse.product=org.eclipse.jdt.ls.core.product -Djava.import.generatesMetadataFilesAtProjectRoot=false -DDetectVMInstallationsJob.disabled=true -Dfile.encoding=utf8 -XX:+UseParallelGC -XX:GCTimeRatio=4 -XX:AdaptiveSizePolicyWeight=90 -Dsun.zip.disableMemoryMapping=true -Xmx1G -Xms100m -Xlog:disable -javaagent:c:\Users\gtreviza\.vscode\extensions\redhat.java-1.24.0-win32-x64\lombok\lombok-1.18.30.jar -XX:+HeapDumpOnOutOfMemoryError -XX:HeapDumpPath=c:\Users\gtreviza\AppData\Roaming\Code\User\workspaceStorage\b82001d5b9276a1cd696c03e57810870\redhat.java -Daether.dependencyCollector.impl=bf 
java_command: c:\Users\gtreviza\.vscode\extensions\redhat.java-1.24.0-win32-x64\server\plugins\org.eclipse.equinox.launcher_1.6.500.v20230717-2134.jar -configuration c:\Users\gtreviza\AppData\Roaming\Code\User\globalStorage\redhat.java\1.24.0\config_win -data c:\Users\gtreviza\AppData\Roaming\Code\User\workspaceStorage\b82001d5b9276a1cd696c03e57810870\redhat.java\jdt_ws --stdio
java_class_path (initial): c:\Users\gtreviza\.vscode\extensions\redhat.java-1.24.0-win32-x64\server\plugins\org.eclipse.equinox.launcher_1.6.500.v20230717-2134.jar
Launcher Type: SUN_STANDARD

[Global flags]
    uintx AdaptiveSizePolicyWeight                 = 90                                        {product} {command line}
     intx CICompilerCount                          = 4                                         {product} {ergonomic}
    uintx GCTimeRatio                              = 4                                         {product} {command line}
     bool HeapDumpOnOutOfMemoryError               = true                                   {manageable} {command line}
    ccstr HeapDumpPath                             = c:\Users\gtreviza\AppData\Roaming\Code\User\workspaceStorage\b82001d5b9276a1cd696c03e57810870\redhat.java         {manageable} {command line}
   size_t InitialHeapSize                          = 104857600                                 {product} {command line}
   size_t MaxHeapSize                              = 1073741824                                {product} {command line}
   size_t MaxNewSize                               = 357564416                                 {product} {ergonomic}
   size_t MinHeapDeltaBytes                        = 524288                                    {product} {ergonomic}
   size_t MinHeapSize                              = 104857600                                 {product} {command line}
   size_t NewSize                                  = 34603008                                  {product} {ergonomic}
    uintx NonNMethodCodeHeapSize                   = 5839372                                {pd product} {ergonomic}
    uintx NonProfiledCodeHeapSize                  = 122909434                              {pd product} {ergonomic}
   size_t OldSize                                  = 70254592                                  {product} {ergonomic}
    uintx ProfiledCodeHeapSize                     = 122909434                              {pd product} {ergonomic}
    uintx ReservedCodeCacheSize                    = 251658240                              {pd product} {ergonomic}
     bool SegmentedCodeCache                       = true                                      {product} {ergonomic}
   size_t SoftMaxHeapSize                          = 1073741824                             {manageable} {ergonomic}
     bool UseCompressedClassPointers               = true                           {product lp64_product} {ergonomic}
     bool UseCompressedOops                        = true                           {product lp64_product} {ergonomic}
     bool UseLargePagesIndividualAllocation        = false                                  {pd product} {ergonomic}
     bool UseParallelGC                            = true                                      {product} {command line}

Logging:
Log output configuration:
 #0: stdout all=off uptime,level,tags
 #1: stderr all=off uptime,level,tags

Environment Variables:
JAVA_HOME=C:\Program Files\Eclipse Adoptium\jdk-17.0.8.7-hotspot
CLASSPATH=.
PATH=C:\Python311\Scripts\;C:\Python311\;C:\Program Files\Eclipse Adoptium\jdk-17.0.8.7-hotspot\bin;C:\WINDOWS\system32;C:\WINDOWS;C:\WINDOWS\System32\Wbem;C:\WINDOWS\System32\WindowsPowerShell\v1.0\;C:\WINDOWS\System32\OpenSSH\;C:\Program Files\Microsoft VS Code\bin;C:\Program Files\Git\cmd;C:\Program Files\nodejs\;C:\ProgramData\chocolatey\bin;C:\Program Files\MySQL\MySQL Server 8.0\bin;C:\Users\gtreviza\AppData\Local\Microsoft\WindowsApps;C:\Program Files\nodejs\node_modules\npm\bin;C:\Users\gtreviza\AppData\Roaming\npm\node_modules\yarn\bin;C:\Program Files\Git\bin;C:\Program Files (x86)\Apache Software Foundation\apache-tomcat-9.0.79\bin;C:\Program Files (x86)\Apache Software Foundation\apache-maven-3.9.4\bin;C:\Users\gtreviza\AppData\Roaming\npm\node_modules\.bin;C:\Users\gtreviza\AppData\Roaming\npm\node_modules\@angular\cli\bin;
USERNAME=gtreviza
OS=Windows_NT
PROCESSOR_IDENTIFIER=AMD64 Family 23 Model 96 Stepping 1, AuthenticAMD
TMP=C:\Users\gtreviza\AppData\Local\Temp
TEMP=C:\Users\gtreviza\AppData\Local\Temp



---------------  S Y S T E M  ---------------

OS:
 Windows 11 , 64 bit Build 22621 (10.0.22621.2428)
OS uptime: 0 days 22:10 hours
Hyper-V role detected

CPU: total 12 (initial active 12) (12 cores per cpu, 2 threads per core) family 23 model 96 stepping 1 microcode 0x0, cx8, cmov, fxsr, ht, mmx, 3dnowpref, sse, sse2, sse3, ssse3, sse4a, sse4.1, sse4.2, popcnt, lzcnt, tsc, tscinvbit, avx, avx2, aes, clmul, bmi1, bmi2, adx, sha, fma, vzeroupper, clflush, clflushopt, hv
Processor Information for all 12 processors :
  Max Mhz: 2100, Current Mhz: 1400, Mhz Limit: 2100

Memory: 4k page, system-wide physical 15591M (5216M free)
TotalPageFile size 16615M (AvailPageFile size 3442M)
current process WorkingSet (physical memory assigned to process): 100M, peak: 381M
current process commit charge ("private bytes"): 397M, peak: 438M

vm_info: OpenJDK 64-Bit Server VM (17.0.8.1+1) for windows-amd64 JRE (17.0.8.1+1), built on Aug 23 2023 15:29:17 by "admin" with MS VC++ 16.7 (VS2019)

END.
